{
  "RSpec": {
    "coverage": {
      "/Users/tmh/Documents/scopeid-script/spec/controllers/fetch_scopeids_controller_spec.rb": [
        1,
        null,
        1,
        1,
        1,
        1,
        null,
        1,
        null,
        null,
        null,
        1,
        1,
        1,
        1,
        1,
        1,
        null,
        null,
        null,
        1,
        1,
        1,
        null,
        null,
        null
      ],
      "/Users/tmh/Documents/scopeid-script/spec/rails_helper.rb": [
        null,
        1,
        1,
        1,
        1,
        null,
        null,
        null,
        null,
        null,
        null,
        null,
        null,
        1,
        null,
        null,
        null,
        null,
        null,
        1,
        null,
        1,
        null,
        null,
        null,
        null,
        1,
        null,
        null,
        null,
        null,
        null,
        null,
        null,
        null,
        null,
        null,
        null,
        null,
        null,
        null,
        1,
        null
      ],
      "/Users/tmh/Documents/scopeid-script/config/environment.rb": [
        null,
        1,
        null,
        null,
        1
      ],
      "/Users/tmh/Documents/scopeid-script/config/application.rb": [
        1,
        null,
        1,
        1,
        1,
        1,
        null,
        null,
        null,
        1,
        null,
        1,
        1,
        null,
        null,
        null,
        null,
        null,
        null,
        null,
        null,
        null,
        null,
        null,
        null,
        null,
        null,
        null,
        1,
        null,
        null
      ],
      "/Users/tmh/Documents/scopeid-script/config/boot.rb": [
        1,
        null,
        1
      ],
      "/Users/tmh/Documents/scopeid-script/config/environments/test.rb": [
        1,
        null,
        null,
        null,
        null,
        null,
        null,
        1,
        null,
        null,
        null,
        null,
        1,
        null,
        null,
        1,
        1,
        null,
        null,
        1,
        1,
        null,
        null,
        1,
        null,
        null,
        1,
        null,
        null,
        null,
        null,
        1,
        null,
        null,
        1,
        null,
        null,
        1,
        null,
        null,
        null,
        null
      ],
      "/Users/tmh/Documents/scopeid-script/config/initializers/assets.rb": [
        null,
        null,
        null,
        1,
        null,
        null,
        null,
        null,
        null,
        null,
        null
      ],
      "/Users/tmh/Documents/scopeid-script/config/initializers/backtrace_silencers.rb": [
        null,
        null,
        null,
        null,
        null,
        null,
        null
      ],
      "/Users/tmh/Documents/scopeid-script/config/initializers/cookies_serializer.rb": [
        null,
        null,
        1
      ],
      "/Users/tmh/Documents/scopeid-script/config/initializers/filter_parameter_logging.rb": [
        null,
        null,
        null,
        1
      ],
      "/Users/tmh/Documents/scopeid-script/config/initializers/inflections.rb": [
        null,
        null,
        null,
        null,
        null,
        null,
        null,
        null,
        null,
        null,
        null,
        null,
        null,
        null,
        null,
        null
      ],
      "/Users/tmh/Documents/scopeid-script/config/initializers/mime_types.rb": [
        null,
        null,
        null,
        null
      ],
      "/Users/tmh/Documents/scopeid-script/config/initializers/session_store.rb": [
        null,
        null,
        1
      ],
      "/Users/tmh/Documents/scopeid-script/config/initializers/wrap_parameters.rb": [
        null,
        null,
        null,
        null,
        null,
        null,
        1,
        1,
        null,
        null,
        null,
        null,
        null,
        null
      ],
      "/Users/tmh/Documents/scopeid-script/config/routes.rb": [
        1,
        1,
        null,
        null,
        null,
        null,
        null,
        1,
        null,
        null,
        null,
        null,
        null,
        null,
        null,
        null,
        null,
        null,
        null,
        null,
        null,
        null,
        null,
        null,
        null,
        null,
        null,
        null,
        null,
        null,
        null,
        null,
        null,
        null,
        null,
        null,
        null,
        null,
        null,
        null,
        null,
        null,
        null,
        null,
        null,
        null,
        null,
        null,
        null,
        null,
        null,
        null,
        null,
        null,
        null,
        null,
        null,
        null
      ],
      "/Users/tmh/Documents/scopeid-script/app/helpers/application_helper.rb": [
        1,
        null
      ],
      "/Users/tmh/Documents/scopeid-script/app/helpers/fetch_scopeids_helper.rb": [
        1,
        null
      ],
      "/Users/tmh/Documents/scopeid-script/app/controllers/fetch_scopeids_controller.rb": [
        null,
        1,
        1,
        null,
        1,
        1,
        1,
        1,
        null,
        null,
        1,
        1,
        null,
        null,
        null
      ],
      "/Users/tmh/Documents/scopeid-script/app/controllers/application_controller.rb": [
        1,
        null,
        null,
        1,
        null
      ],
      "/Users/tmh/Documents/scopeid-script/lib/scopeid_converter.rb": [
        1,
        1,
        1,
        1,
        1,
        null,
        1,
        1,
        1,
        1,
        null,
        1,
        3,
        3,
        3,
        null,
        null,
        1,
        2,
        2,
        null,
        2,
        null,
        2,
        null,
        null,
        1,
        2,
        null,
        null,
        6,
        null,
        4,
        null,
        2,
        null,
        2,
        null,
        null,
        1,
        2,
        2,
        4,
        8,
        4,
        2,
        null,
        4,
        4,
        null,
        null,
        2,
        null,
        null,
        1,
        2,
        6,
        null,
        2,
        2,
        4,
        null,
        null,
        null,
        null,
        null
      ],
      "/Users/tmh/Documents/scopeid-script/spec/lib/scopeid_converter_spec.rb": [
        1,
        1,
        1,
        null,
        1,
        1,
        1,
        1,
        null,
        1,
        1,
        null,
        1,
        1,
        null,
        1,
        1,
        null,
        null,
        null
      ]
    },
    "timestamp": 1435260423
  }
}
